2014-03-24 17:33:31.410 JerseyParty[36358:a0b] Multi-tasking -> Device: YES, App: YES
2014-03-24 17:33:31.461 JerseyParty[36358:a0b] Unlimited access to network resources
2014-03-24 17:33:31.477 JerseyParty[36358:a0b] Fix applied for database locations?: YES
2014-03-24 17:33:31.829 JerseyParty[36358:a0b] Resetting plugins due to page load.
2014-03-24 17:33:32.059 JerseyParty[36358:a0b] Finished load of: file:///Users/Jess2/Library/Application%20Support/iPhone%20Simulator/7.0/Applications/930348D2-DB43-426C-9224-941A98D82C00/JerseyParty.app/www/index.html
2014-03-24 17:33:32.092 JerseyParty[36358:a0b] Received Event: deviceready
2014-03-24 17:33:32.093 JerseyParty[36358:a0b] Initialize error: Bluetooth unsupported - undefined
2014-03-24 17:33:32.293 JerseyParty[36358:a0b] nextClass: png2
2014-03-24 17:33:32.293 JerseyParty[36358:a0b] current Class is : ui-mobile-viewport ui-overlay-c png2
2014-03-24 17:33:32.495 JerseyParty[36358:a0b] nextClass: png3
2014-03-24 17:33:32.495 JerseyParty[36358:a0b] current Class is : ui-mobile-viewport ui-overlay-c png3
2014-03-24 17:33:32.696 JerseyParty[36358:a0b] nextClass: png4
2014-03-24 17:33:32.696 JerseyParty[36358:a0b] current Class is : ui-mobile-viewport ui-overlay-c png4
2014-03-24 17:33:32.898 JerseyParty[36358:a0b] nextClass: png5
2014-03-24 17:33:32.898 JerseyParty[36358:a0b] current Class is : ui-mobile-viewport ui-overlay-c png5
2014-03-24 17:33:33.099 JerseyParty[36358:a0b] nextClass: png6
2014-03-24 17:33:33.100 JerseyParty[36358:a0b] current Class is : ui-mobile-viewport ui-overlay-c png6
2014-03-24 17:33:33.301 JerseyParty[36358:a0b] nextClass: png7
2014-03-24 17:33:33.302 JerseyParty[36358:a0b] current Class is : ui-mobile-viewport ui-overlay-c png7
2014-03-24 17:33:33.502 JerseyParty[36358:a0b] nextClass: png8
2014-03-24 17:33:33.503 JerseyParty[36358:a0b] current Class is : ui-mobile-viewport ui-overlay-c png8
2014-03-24 17:33:33.703 JerseyParty[36358:a0b] nextClass: png9
2014-03-24 17:33:33.704 JerseyParty[36358:a0b] current Class is : ui-mobile-viewport ui-overlay-c png9
2014-03-24 17:33:33.905 JerseyParty[36358:a0b] nextClass: png10
2014-03-24 17:33:33.906 JerseyParty[36358:a0b] current Class is : ui-mobile-viewport ui-overlay-c png10
2014-03-24 17:33:34.105 JerseyParty[36358:a0b] nextClass: png11
2014-03-24 17:33:34.106 JerseyParty[36358:a0b] current Class is : ui-mobile-viewport ui-overlay-c png11
2014-03-24 17:33:34.307 JerseyParty[36358:a0b] nextClass: png12
2014-03-24 17:33:34.308 JerseyParty[36358:a0b] current Class is : ui-mobile-viewport ui-overlay-c png12
2014-03-24 17:33:34.507 JerseyParty[36358:a0b] nextClass: png1
2014-03-24 17:33:34.508 JerseyParty[36358:a0b] current Class is : ui-mobile-viewport ui-overlay-c png1
2014-03-24 17:33:34.708 JerseyParty[36358:a0b] nextClass: png2
2014-03-24 17:33:34.709 JerseyParty[36358:a0b] current Class is : ui-mobile-viewport ui-overlay-c png2
2014-03-24 17:33:34.910 JerseyParty[36358:a0b] nextClass: png3
2014-03-24 17:33:34.911 JerseyParty[36358:a0b] current Class is : ui-mobile-viewport ui-overlay-c png3
2014-03-24 17:33:35.111 JerseyParty[36358:a0b] nextClass: png4
2014-03-24 17:33:35.112 JerseyParty[36358:a0b] current Class is : ui-mobile-viewport ui-overlay-c png4
2014-03-24 17:33:35.312 JerseyParty[36358:a0b] nextClass: png5
2014-03-24 17:33:35.312 JerseyParty[36358:a0b] current Class is : ui-mobile-viewport ui-overlay-c png5
2014-03-24 17:33:35.513 JerseyParty[36358:a0b] nextClass: png6
2014-03-24 17:33:35.513 JerseyParty[36358:a0b] current Class is : ui-mobile-viewport ui-overlay-c png6
2014-03-24 17:33:35.715 JerseyParty[36358:a0b] nextClass: png7
2014-03-24 17:33:35.715 JerseyParty[36358:a0b] current Class is : ui-mobile-viewport ui-overlay-c png7
2014-03-24 17:33:35.916 JerseyParty[36358:a0b] nextClass: png8
2014-03-24 17:33:35.918 JerseyParty[36358:a0b] current Class is : ui-mobile-viewport ui-overlay-c png8
2014-03-24 17:33:36.117 JerseyParty[36358:a0b] nextClass: png9
2014-03-24 17:33:36.118 JerseyParty[36358:a0b] current Class is : ui-mobile-viewport ui-overlay-c png9
2014-03-24 17:33:36.319 JerseyParty[36358:a0b] nextClass: png10
2014-03-24 17:33:36.320 JerseyParty[36358:a0b] current Class is : ui-mobile-viewport ui-overlay-c png10
2014-03-24 17:33:36.521 JerseyParty[36358:a0b] nextClass: png11
2014-03-24 17:33:36.521 JerseyParty[36358:a0b] current Class is : ui-mobile-viewport ui-overlay-c png11
2014-03-24 17:33:36.721 JerseyParty[36358:a0b] nextClass: png12
2014-03-24 17:33:36.722 JerseyParty[36358:a0b] current Class is : ui-mobile-viewport ui-overlay-c png12
2014-03-24 17:33:36.922 JerseyParty[36358:a0b] nextClass: png1
2014-03-24 17:33:36.923 JerseyParty[36358:a0b] current Class is : ui-mobile-viewport ui-overlay-c png1
2014-03-24 17:33:37.123 JerseyParty[36358:a0b] nextClass: png2
2014-03-24 17:33:37.124 JerseyParty[36358:a0b] current Class is : ui-mobile-viewport ui-overlay-c png2
2014-03-24 17:33:37.324 JerseyParty[36358:a0b] nextClass: png3
2014-03-24 17:33:37.324 JerseyParty[36358:a0b] current Class is : ui-mobile-viewport ui-overlay-c png3
2014-03-24 17:33:37.525 JerseyParty[36358:a0b] nextClass: png4
2014-03-24 17:33:37.525 JerseyParty[36358:a0b] current Class is : ui-mobile-viewport ui-overlay-c png4
2014-03-24 17:33:37.726 JerseyParty[36358:a0b] nextClass: png5
2014-03-24 17:33:37.727 JerseyParty[36358:a0b] current Class is : ui-mobile-viewport ui-overlay-c png5
2014-03-24 17:33:37.927 JerseyParty[36358:a0b] nextClass: png6
2014-03-24 17:33:37.928 JerseyParty[36358:a0b] current Class is : ui-mobile-viewport ui-overlay-c png6
2014-03-24 17:33:38.128 JerseyParty[36358:a0b] nextClass: png7
2014-03-24 17:33:38.129 JerseyParty[36358:a0b] current Class is : ui-mobile-viewport ui-overlay-c png7
2014-03-24 17:33:38.329 JerseyParty[36358:a0b] nextClass: png8
2014-03-24 17:33:38.330 JerseyParty[36358:a0b] current Class is : ui-mobile-viewport ui-overlay-c png8
2014-03-24 17:33:38.530 JerseyParty[36358:a0b] nextClass: png9
2014-03-24 17:33:38.531 JerseyParty[36358:a0b] current Class is : ui-mobile-viewport ui-overlay-c png9
2014-03-24 17:33:38.731 JerseyParty[36358:a0b] nextClass: png10
2014-03-24 17:33:38.732 JerseyParty[36358:a0b] current Class is : ui-mobile-viewport ui-overlay-c png10
2014-03-24 17:33:38.934 JerseyParty[36358:a0b] nextClass: png11
2014-03-24 17:33:38.935 JerseyParty[36358:a0b] current Class is : ui-mobile-viewport ui-overlay-c png11
2014-03-24 17:33:39.135 JerseyParty[36358:a0b] nextClass: png12
2014-03-24 17:33:39.136 JerseyParty[36358:a0b] current Class is : ui-mobile-viewport ui-overlay-c png12
2014-03-24 17:33:39.336 JerseyParty[36358:a0b] nextClass: png1
2014-03-24 17:33:39.337 JerseyParty[36358:a0b] current Class is : ui-mobile-viewport ui-overlay-c png1
2014-03-24 17:33:39.538 JerseyParty[36358:a0b] nextClass: png2
2014-03-24 17:33:39.538 JerseyParty[36358:a0b] current Class is : ui-mobile-viewport ui-overlay-c png2
2014-03-24 17:33:39.739 JerseyParty[36358:a0b] nextClass: png3
2014-03-24 17:33:39.740 JerseyParty[36358:a0b] current Class is : ui-mobile-viewport ui-overlay-c png3
2014-03-24 17:33:39.940 JerseyParty[36358:a0b] nextClass: png4
2014-03-24 17:33:39.941 JerseyParty[36358:a0b] current Class is : ui-mobile-viewport ui-overlay-c png4
2014-03-24 17:33:40.142 JerseyParty[36358:a0b] nextClass: png5
2014-03-24 17:33:40.143 JerseyParty[36358:a0b] current Class is : ui-mobile-viewport ui-overlay-c png5
2014-03-24 17:33:40.343 JerseyParty[36358:a0b] nextClass: png6
2014-03-24 17:33:40.343 JerseyParty[36358:a0b] current Class is : ui-mobile-viewport ui-overlay-c png6
2014-03-24 17:33:40.546 JerseyParty[36358:a0b] nextClass: png7
2014-03-24 17:33:40.547 JerseyParty[36358:a0b] current Class is : ui-mobile-viewport ui-overlay-c png7
2014-03-24 17:33:40.746 JerseyParty[36358:a0b] nextClass: png8
2014-03-24 17:33:40.747 JerseyParty[36358:a0b] current Class is : ui-mobile-viewport ui-overlay-c png8
2014-03-24 17:33:40.947 JerseyParty[36358:a0b] nextClass: png9
2014-03-24 17:33:40.948 JerseyParty[36358:a0b] current Class is : ui-mobile-viewport ui-overlay-c png9
2014-03-24 17:33:41.150 JerseyParty[36358:a0b] nextClass: png10
2014-03-24 17:33:41.151 JerseyParty[36358:a0b] current Class is : ui-mobile-viewport ui-overlay-c png10
2014-03-24 17:33:41.350 JerseyParty[36358:a0b] nextClass: png11
2014-03-24 17:33:41.351 JerseyParty[36358:a0b] current Class is : ui-mobile-viewport ui-overlay-c png11
2014-03-24 17:33:41.551 JerseyParty[36358:a0b] nextClass: png12
2014-03-24 17:33:41.551 JerseyParty[36358:a0b] current Class is : ui-mobile-viewport ui-overlay-c png12
2014-03-24 17:33:41.752 JerseyParty[36358:a0b] nextClass: png1
2014-03-24 17:33:41.752 JerseyParty[36358:a0b] current Class is : ui-mobile-viewport ui-overlay-c png1
2014-03-24 17:33:41.952 JerseyParty[36358:a0b] nextClass: png2
2014-03-24 17:33:41.953 JerseyParty[36358:a0b] current Class is : ui-mobile-viewport ui-overlay-c png2
2014-03-24 17:33:42.154 JerseyParty[36358:a0b] nextClass: png3
2014-03-24 17:33:42.155 JerseyParty[36358:a0b] current Class is : ui-mobile-viewport ui-overlay-c png3
2014-03-24 17:33:42.355 JerseyParty[36358:a0b] nextClass: png4
2014-03-24 17:33:42.355 JerseyParty[36358:a0b] current Class is : ui-mobile-viewport ui-overlay-c png4
2014-03-24 17:33:42.556 JerseyParty[36358:a0b] nextClass: png5
2014-03-24 17:33:42.556 JerseyParty[36358:a0b] current Class is : ui-mobile-viewport ui-overlay-c png5
2014-03-24 17:33:42.757 JerseyParty[36358:a0b] nextClass: png6
2014-03-24 17:33:42.758 JerseyParty[36358:a0b] current Class is : ui-mobile-viewport ui-overlay-c png6
2014-03-24 17:33:42.960 JerseyParty[36358:a0b] nextClass: png7
2014-03-24 17:33:42.961 JerseyParty[36358:a0b] current Class is : ui-mobile-viewport ui-overlay-c png7
2014-03-24 17:33:43.161 JerseyParty[36358:a0b] nextClass: png8
2014-03-24 17:33:43.162 JerseyParty[36358:a0b] current Class is : ui-mobile-viewport ui-overlay-c png8
2014-03-24 17:33:43.362 JerseyParty[36358:a0b] nextClass: png9
2014-03-24 17:33:43.363 JerseyParty[36358:a0b] current Class is : ui-mobile-viewport ui-overlay-c png9
2014-03-24 17:33:43.565 JerseyParty[36358:a0b] nextClass: png10
2014-03-24 17:33:43.566 JerseyParty[36358:a0b] current Class is : ui-mobile-viewport ui-overlay-c png10
2014-03-24 17:33:43.765 JerseyParty[36358:a0b] nextClass: png11
2014-03-24 17:33:43.766 JerseyParty[36358:a0b] current Class is : ui-mobile-viewport ui-overlay-c png11
2014-03-24 17:33:43.966 JerseyParty[36358:a0b] nextClass: png12
2014-03-24 17:33:43.967 JerseyParty[36358:a0b] current Class is : ui-mobile-viewport ui-overlay-c png12
2014-03-24 17:33:44.167 JerseyParty[36358:a0b] nextClass: png1
2014-03-24 17:33:44.168 JerseyParty[36358:a0b] current Class is : ui-mobile-viewport ui-overlay-c png1
2014-03-24 17:33:44.368 JerseyParty[36358:a0b] nextClass: png2
2014-03-24 17:33:44.368 JerseyParty[36358:a0b] current Class is : ui-mobile-viewport ui-overlay-c png2
2014-03-24 17:33:44.569 JerseyParty[36358:a0b] nextClass: png3
2014-03-24 17:33:44.570 JerseyParty[36358:a0b] current Class is : ui-mobile-viewport ui-overlay-c png3
2014-03-24 17:33:44.770 JerseyParty[36358:a0b] nextClass: png4
2014-03-24 17:33:44.770 JerseyParty[36358:a0b] current Class is : ui-mobile-viewport ui-overlay-c png4
2014-03-24 17:33:44.971 JerseyParty[36358:a0b] nextClass: png5
2014-03-24 17:33:44.971 JerseyParty[36358:a0b] current Class is : ui-mobile-viewport ui-overlay-c png5
2014-03-24 17:33:45.172 JerseyParty[36358:a0b] nextClass: png6
2014-03-24 17:33:45.173 JerseyParty[36358:a0b] current Class is : ui-mobile-viewport ui-overlay-c png6
2014-03-24 17:33:45.373 JerseyParty[36358:a0b] nextClass: png7
2014-03-24 17:33:45.373 JerseyParty[36358:a0b] current Class is : ui-mobile-viewport ui-overlay-c png7
2014-03-24 17:33:45.574 JerseyParty[36358:a0b] nextClass: png8
2014-03-24 17:33:45.574 JerseyParty[36358:a0b] current Class is : ui-mobile-viewport ui-overlay-c png8
2014-03-24 17:33:45.774 JerseyParty[36358:a0b] nextClass: png9
2014-03-24 17:33:45.775 JerseyParty[36358:a0b] current Class is : ui-mobile-viewport ui-overlay-c png9
2014-03-24 17:33:45.976 JerseyParty[36358:a0b] nextClass: png10
2014-03-24 17:33:45.977 JerseyParty[36358:a0b] current Class is : ui-mobile-viewport ui-overlay-c png10
2014-03-24 17:33:46.176 JerseyParty[36358:a0b] nextClass: png11
2014-03-24 17:33:46.177 JerseyParty[36358:a0b] current Class is : ui-mobile-viewport ui-overlay-c png11
2014-03-24 17:33:46.377 JerseyParty[36358:a0b] nextClass: png12
2014-03-24 17:33:46.378 JerseyParty[36358:a0b] current Class is : ui-mobile-viewport ui-overlay-c png12
2014-03-24 17:33:46.578 JerseyParty[36358:a0b] nextClass: png1
2014-03-24 17:33:46.579 JerseyParty[36358:a0b] current Class is : ui-mobile-viewport ui-overlay-c png1
2014-03-24 17:33:46.779 JerseyParty[36358:a0b] nextClass: png2
2014-03-24 17:33:46.779 JerseyParty[36358:a0b] current Class is : ui-mobile-viewport ui-overlay-c png2
2014-03-24 17:33:46.980 JerseyParty[36358:a0b] nextClass: png3
2014-03-24 17:33:46.980 JerseyParty[36358:a0b] current Class is : ui-mobile-viewport ui-overlay-c png3
2014-03-24 17:33:47.181 JerseyParty[36358:a0b] nextClass: png4
2014-03-24 17:33:47.181 JerseyParty[36358:a0b] current Class is : ui-mobile-viewport ui-overlay-c png4
2014-03-24 17:33:47.381 JerseyParty[36358:a0b] nextClass: png5
2014-03-24 17:33:47.382 JerseyParty[36358:a0b] current Class is : ui-mobile-viewport ui-overlay-c png5
2014-03-24 17:33:47.582 JerseyParty[36358:a0b] nextClass: png6
2014-03-24 17:33:47.583 JerseyParty[36358:a0b] current Class is : ui-mobile-viewport ui-overlay-c png6
2014-03-24 17:33:47.784 JerseyParty[36358:a0b] nextClass: png7
2014-03-24 17:33:47.785 JerseyParty[36358:a0b] current Class is : ui-mobile-viewport ui-overlay-c png7
2014-03-24 17:33:47.984 JerseyParty[36358:a0b] nextClass: png8
2014-03-24 17:33:47.985 JerseyParty[36358:a0b] current Class is : ui-mobile-viewport ui-overlay-c png8
2014-03-24 17:33:48.186 JerseyParty[36358:a0b] nextClass: png9
2014-03-24 17:33:48.187 JerseyParty[36358:a0b] current Class is : ui-mobile-viewport ui-overlay-c png9
2014-03-24 17:33:48.387 JerseyParty[36358:a0b] nextClass: png10
2014-03-24 17:33:48.388 JerseyParty[36358:a0b] current Class is : ui-mobile-viewport ui-overlay-c png10
2014-03-24 17:33:48.588 JerseyParty[36358:a0b] nextClass: png11
2014-03-24 17:33:48.589 JerseyParty[36358:a0b] current Class is : ui-mobile-viewport ui-overlay-c png11
2014-03-24 17:33:48.789 JerseyParty[36358:a0b] nextClass: png12
2014-03-24 17:33:48.790 JerseyParty[36358:a0b] current Class is : ui-mobile-viewport ui-overlay-c png12
2014-03-24 17:33:48.990 JerseyParty[36358:a0b] nextClass: png1
2014-03-24 17:33:48.990 JerseyParty[36358:a0b] current Class is : ui-mobile-viewport ui-overlay-c png1
2014-03-24 17:33:49.190 JerseyParty[36358:a0b] nextClass: png2
2014-03-24 17:33:49.191 JerseyParty[36358:a0b] current Class is : ui-mobile-viewport ui-overlay-c png2
2014-03-24 17:33:49.391 JerseyParty[36358:a0b] nextClass: png3
2014-03-24 17:33:49.392 JerseyParty[36358:a0b] current Class is : ui-mobile-viewport ui-overlay-c png3
2014-03-24 17:33:49.592 JerseyParty[36358:a0b] nextClass: png4
2014-03-24 17:33:49.593 JerseyParty[36358:a0b] current Class is : ui-mobile-viewport ui-overlay-c png4
2014-03-24 17:33:49.793 JerseyParty[36358:a0b] nextClass: png5
2014-03-24 17:33:49.794 JerseyParty[36358:a0b] current Class is : ui-mobile-viewport ui-overlay-c png5
2014-03-24 17:33:49.994 JerseyParty[36358:a0b] nextClass: png6
2014-03-24 17:33:49.995 JerseyParty[36358:a0b] current Class is : ui-mobile-viewport ui-overlay-c png6
2014-03-24 17:33:50.195 JerseyParty[36358:a0b] nextClass: png7
2014-03-24 17:33:50.195 JerseyParty[36358:a0b] current Class is : ui-mobile-viewport ui-overlay-c png7
2014-03-24 17:33:50.396 JerseyParty[36358:a0b] nextClass: png8
2014-03-24 17:33:50.397 JerseyParty[36358:a0b] current Class is : ui-mobile-viewport ui-overlay-c png8
2014-03-24 17:33:50.598 JerseyParty[36358:a0b] nextClass: png9
2014-03-24 17:33:50.599 JerseyParty[36358:a0b] current Class is : ui-mobile-viewport ui-overlay-c png9
2014-03-24 17:33:50.799 JerseyParty[36358:a0b] nextClass: png10
2014-03-24 17:33:50.800 JerseyParty[36358:a0b] current Class is : ui-mobile-viewport ui-overlay-c png10
2014-03-24 17:33:51.000 JerseyParty[36358:a0b] nextClass: png11
2014-03-24 17:33:51.000 JerseyParty[36358:a0b] current Class is : ui-mobile-viewport ui-overlay-c png11
2014-03-24 17:33:51.202 JerseyParty[36358:a0b] nextClass: png12
2014-03-24 17:33:51.204 JerseyParty[36358:a0b] current Class is : ui-mobile-viewport ui-overlay-c png12
2014-03-24 17:33:51.404 JerseyParty[36358:a0b] nextClass: png1
2014-03-24 17:33:51.406 JerseyParty[36358:a0b] current Class is : ui-mobile-viewport ui-overlay-c png1
2014-03-24 17:33:51.605 JerseyParty[36358:a0b] nextClass: png2
2014-03-24 17:33:51.606 JerseyParty[36358:a0b] current Class is : ui-mobile-viewport ui-overlay-c png2
2014-03-24 17:33:51.807 JerseyParty[36358:a0b] nextClass: png3
2014-03-24 17:33:51.807 JerseyParty[36358:a0b] current Class is : ui-mobile-viewport ui-overlay-c png3
2014-03-24 17:33:52.008 JerseyParty[36358:a0b] nextClass: png4
2014-03-24 17:33:52.009 JerseyParty[36358:a0b] current Class is : ui-mobile-viewport ui-overlay-c png4
2014-03-24 17:33:52.209 JerseyParty[36358:a0b] nextClass: png5
2014-03-24 17:33:52.210 JerseyParty[36358:a0b] current Class is : ui-mobile-viewport ui-overlay-c png5
2014-03-24 17:33:52.410 JerseyParty[36358:a0b] nextClass: png6
2014-03-24 17:33:52.411 JerseyParty[36358:a0b] current Class is : ui-mobile-viewport ui-overlay-c png6
2014-03-24 17:33:52.611 JerseyParty[36358:a0b] nextClass: png7
2014-03-24 17:33:52.612 JerseyParty[36358:a0b] current Class is : ui-mobile-viewport ui-overlay-c png7
2014-03-24 17:33:52.815 JerseyParty[36358:a0b] nextClass: png8
2014-03-24 17:33:52.816 JerseyParty[36358:a0b] current Class is : ui-mobile-viewport ui-overlay-c png8
2014-03-24 17:33:53.017 JerseyParty[36358:a0b] nextClass: png9
2014-03-24 17:33:53.018 JerseyParty[36358:a0b] current Class is : ui-mobile-viewport ui-overlay-c png9
2014-03-24 17:33:53.218 JerseyParty[36358:a0b] nextClass: png10
2014-03-24 17:33:53.219 JerseyParty[36358:a0b] current Class is : ui-mobile-viewport ui-overlay-c png10
2014-03-24 17:33:53.419 JerseyParty[36358:a0b] nextClass: png11
2014-03-24 17:33:53.420 JerseyParty[36358:a0b] current Class is : ui-mobile-viewport ui-overlay-c png11
2014-03-24 17:33:53.622 JerseyParty[36358:a0b] nextClass: png12
2014-03-24 17:33:53.623 JerseyParty[36358:a0b] current Class is : ui-mobile-viewport ui-overlay-c png12
2014-03-24 17:33:53.823 JerseyParty[36358:a0b] nextClass: png1
2014-03-24 17:33:53.823 JerseyParty[36358:a0b] current Class is : ui-mobile-viewport ui-overlay-c png1
2014-03-24 17:33:54.024 JerseyParty[36358:a0b] nextClass: png2
2014-03-24 17:33:54.024 JerseyParty[36358:a0b] current Class is : ui-mobile-viewport ui-overlay-c png2
2014-03-24 17:33:54.225 JerseyParty[36358:a0b] nextClass: png3
2014-03-24 17:33:54.227 JerseyParty[36358:a0b] current Class is : ui-mobile-viewport ui-overlay-c png3
2014-03-24 17:33:54.428 JerseyParty[36358:a0b] nextClass: png4
2014-03-24 17:33:54.429 JerseyParty[36358:a0b] current Class is : ui-mobile-viewport ui-overlay-c png4
2014-03-24 17:33:54.629 JerseyParty[36358:a0b] nextClass: png5
2014-03-24 17:33:54.630 JerseyParty[36358:a0b] current Class is : ui-mobile-viewport ui-overlay-c png5
2014-03-24 17:33:54.830 JerseyParty[36358:a0b] nextClass: png6
2014-03-24 17:33:54.830 JerseyParty[36358:a0b] current Class is : ui-mobile-viewport ui-overlay-c png6
2014-03-24 17:33:55.031 JerseyParty[36358:a0b] nextClass: png7
2014-03-24 17:33:55.032 JerseyParty[36358:a0b] current Class is : ui-mobile-viewport ui-overlay-c png7
2014-03-24 17:33:55.234 JerseyParty[36358:a0b] nextClass: png8
2014-03-24 17:33:55.235 JerseyParty[36358:a0b] current Class is : ui-mobile-viewport ui-overlay-c png8
2014-03-24 17:33:55.436 JerseyParty[36358:a0b] nextClass: png9
2014-03-24 17:33:55.437 JerseyParty[36358:a0b] current Class is : ui-mobile-viewport ui-overlay-c png9
2014-03-24 17:33:55.636 JerseyParty[36358:a0b] nextClass: png10
2014-03-24 17:33:55.637 JerseyParty[36358:a0b] current Class is : ui-mobile-viewport ui-overlay-c png10
2014-03-24 17:33:55.838 JerseyParty[36358:a0b] nextClass: png11
2014-03-24 17:33:55.838 JerseyParty[36358:a0b] current Class is : ui-mobile-viewport ui-overlay-c png11
2014-03-24 17:33:56.040 JerseyParty[36358:a0b] nextClass: png12
2014-03-24 17:33:56.041 JerseyParty[36358:a0b] current Class is : ui-mobile-viewport ui-overlay-c png12
2014-03-24 17:33:56.241 JerseyParty[36358:a0b] nextClass: png1
2014-03-24 17:33:56.241 JerseyParty[36358:a0b] current Class is : ui-mobile-viewport ui-overlay-c png1
2014-03-24 17:33:56.442 JerseyParty[36358:a0b] nextClass: png2
2014-03-24 17:33:56.442 JerseyParty[36358:a0b] current Class is : ui-mobile-viewport ui-overlay-c png2
2014-03-24 17:33:56.642 JerseyParty[36358:a0b] nextClass: png3
2014-03-24 17:33:56.642 JerseyParty[36358:a0b] current Class is : ui-mobile-viewport ui-overlay-c png3
2014-03-24 17:33:56.844 JerseyParty[36358:a0b] nextClass: png4
2014-03-24 17:33:56.844 JerseyParty[36358:a0b] current Class is : ui-mobile-viewport ui-overlay-c png4
2014-03-24 17:33:57.045 JerseyParty[36358:a0b] nextClass: png5
2014-03-24 17:33:57.046 JerseyParty[36358:a0b] current Class is : ui-mobile-viewport ui-overlay-c png5
2014-03-24 17:33:57.247 JerseyParty[36358:a0b] nextClass: png6
2014-03-24 17:33:57.248 JerseyParty[36358:a0b] current Class is : ui-mobile-viewport ui-overlay-c png6
2014-03-24 17:33:57.448 JerseyParty[36358:a0b] nextClass: png7
2014-03-24 17:33:57.449 JerseyParty[36358:a0b] current Class is : ui-mobile-viewport ui-overlay-c png7
2014-03-24 17:33:57.649 JerseyParty[36358:a0b] nextClass: png8
2014-03-24 17:33:57.649 JerseyParty[36358:a0b] current Class is : ui-mobile-viewport ui-overlay-c png8
2014-03-24 17:33:57.850 JerseyParty[36358:a0b] nextClass: png9
2014-03-24 17:33:57.850 JerseyParty[36358:a0b] current Class is : ui-mobile-viewport ui-overlay-c png9
2014-03-24 17:33:58.051 JerseyParty[36358:a0b] nextClass: png10
2014-03-24 17:33:58.052 JerseyParty[36358:a0b] current Class is : ui-mobile-viewport ui-overlay-c png10
2014-03-24 17:33:58.252 JerseyParty[36358:a0b] nextClass: png11
2014-03-24 17:33:58.252 JerseyParty[36358:a0b] current Class is : ui-mobile-viewport ui-overlay-c png11
2014-03-24 17:33:58.452 JerseyParty[36358:a0b] nextClass: png12
2014-03-24 17:33:58.453 JerseyParty[36358:a0b] current Class is : ui-mobile-viewport ui-overlay-c png12
2014-03-24 17:33:58.654 JerseyParty[36358:a0b] nextClass: png1
2014-03-24 17:33:58.655 JerseyParty[36358:a0b] current Class is : ui-mobile-viewport ui-overlay-c png1
2014-03-24 17:33:58.855 JerseyParty[36358:a0b] nextClass: png2
2014-03-24 17:33:58.855 JerseyParty[36358:a0b] current Class is : ui-mobile-viewport ui-overlay-c png2
2014-03-24 17:33:59.056 JerseyParty[36358:a0b] nextClass: png3
2014-03-24 17:33:59.057 JerseyParty[36358:a0b] current Class is : ui-mobile-viewport ui-overlay-c png3
2014-03-24 17:33:59.257 JerseyParty[36358:a0b] nextClass: png4
2014-03-24 17:33:59.258 JerseyParty[36358:a0b] current Class is : ui-mobile-viewport ui-overlay-c png4
2014-03-24 17:33:59.458 JerseyParty[36358:a0b] nextClass: png5
2014-03-24 17:33:59.459 JerseyParty[36358:a0b] current Class is : ui-mobile-viewport ui-overlay-c png5
2014-03-24 17:33:59.660 JerseyParty[36358:a0b] nextClass: png6
2014-03-24 17:33:59.661 JerseyParty[36358:a0b] current Class is : ui-mobile-viewport ui-overlay-c png6
2014-03-24 17:33:59.862 JerseyParty[36358:a0b] nextClass: png7
2014-03-24 17:33:59.863 JerseyParty[36358:a0b] current Class is : ui-mobile-viewport ui-overlay-c png7
2014-03-24 17:34:00.064 JerseyParty[36358:a0b] nextClass: png8
2014-03-24 17:34:00.065 JerseyParty[36358:a0b] current Class is : ui-mobile-viewport ui-overlay-c png8
2014-03-24 17:34:00.265 JerseyParty[36358:a0b] nextClass: png9
2014-03-24 17:34:00.265 JerseyParty[36358:a0b] current Class is : ui-mobile-viewport ui-overlay-c png9
2014-03-24 17:34:00.466 JerseyParty[36358:a0b] nextClass: png10
2014-03-24 17:34:00.466 JerseyParty[36358:a0b] current Class is : ui-mobile-viewport ui-overlay-c png10
2014-03-24 17:34:00.666 JerseyParty[36358:a0b] nextClass: png11
2014-03-24 17:34:00.667 JerseyParty[36358:a0b] current Class is : ui-mobile-viewport ui-overlay-c png11
2014-03-24 17:34:00.868 JerseyParty[36358:a0b] nextClass: png12
2014-03-24 17:34:00.868 JerseyParty[36358:a0b] current Class is : ui-mobile-viewport ui-overlay-c png12
2014-03-24 17:34:01.069 JerseyParty[36358:a0b] nextClass: png1
2014-03-24 17:34:01.069 JerseyParty[36358:a0b] current Class is : ui-mobile-viewport ui-overlay-c png1
2014-03-24 17:34:01.271 JerseyParty[36358:a0b] nextClass: png2
2014-03-24 17:34:01.272 JerseyParty[36358:a0b] current Class is : ui-mobile-viewport ui-overlay-c png2
2014-03-24 17:34:01.473 JerseyParty[36358:a0b] nextClass: png3
2014-03-24 17:34:01.474 JerseyParty[36358:a0b] current Class is : ui-mobile-viewport ui-overlay-c png3
2014-03-24 17:34:01.674 JerseyParty[36358:a0b] nextClass: png4
2014-03-24 17:34:01.675 JerseyParty[36358:a0b] current Class is : ui-mobile-viewport ui-overlay-c png4
2014-03-24 17:34:01.875 JerseyParty[36358:a0b] nextClass: png5
2014-03-24 17:34:01.876 JerseyParty[36358:a0b] current Class is : ui-mobile-viewport ui-overlay-c png5
2014-03-24 17:34:02.077 JerseyParty[36358:a0b] nextClass: png6
2014-03-24 17:34:02.077 JerseyParty[36358:a0b] current Class is : ui-mobile-viewport ui-overlay-c png6
2014-03-24 17:34:02.278 JerseyParty[36358:a0b] nextClass: png7
2014-03-24 17:34:02.279 JerseyParty[36358:a0b] current Class is : ui-mobile-viewport ui-overlay-c png7
2014-03-24 17:34:02.480 JerseyParty[36358:a0b] nextClass: png8
2014-03-24 17:34:02.481 JerseyParty[36358:a0b] current Class is : ui-mobile-viewport ui-overlay-c png8
2014-03-24 17:34:02.681 JerseyParty[36358:a0b] nextClass: png9
2014-03-24 17:34:02.682 JerseyParty[36358:a0b] current Class is : ui-mobile-viewport ui-overlay-c png9
2014-03-24 17:34:02.882 JerseyParty[36358:a0b] nextClass: png10
2014-03-24 17:34:02.882 JerseyParty[36358:a0b] current Class is : ui-mobile-viewport ui-overlay-c png10
2014-03-24 17:34:03.083 JerseyParty[36358:a0b] nextClass: png11
2014-03-24 17:34:03.083 JerseyParty[36358:a0b] current Class is : ui-mobile-viewport ui-overlay-c png11
2014-03-24 17:34:03.283 JerseyParty[36358:a0b] nextClass: png12
2014-03-24 17:34:03.284 JerseyParty[36358:a0b] current Class is : ui-mobile-viewport ui-overlay-c png12
2014-03-24 17:34:03.484 JerseyParty[36358:a0b] nextClass: png1
2014-03-24 17:34:03.485 JerseyParty[36358:a0b] current Class is : ui-mobile-viewport ui-overlay-c png1
2014-03-24 17:34:03.686 JerseyParty[36358:a0b] nextClass: png2
2014-03-24 17:34:03.687 JerseyParty[36358:a0b] current Class is : ui-mobile-viewport ui-overlay-c png2
2014-03-24 17:34:03.887 JerseyParty[36358:a0b] nextClass: png3
2014-03-24 17:34:03.887 JerseyParty[36358:a0b] current Class is : ui-mobile-viewport ui-overlay-c png3
2014-03-24 17:34:04.087 JerseyParty[36358:a0b] nextClass: png4
2014-03-24 17:34:04.088 JerseyParty[36358:a0b] current Class is : ui-mobile-viewport ui-overlay-c png4
2014-03-24 17:34:04.289 JerseyParty[36358:a0b] nextClass: png5
2014-03-24 17:34:04.290 JerseyParty[36358:a0b] current Class is : ui-mobile-viewport ui-overlay-c png5
2014-03-24 17:34:04.489 JerseyParty[36358:a0b] nextClass: png6
2014-03-24 17:34:04.490 JerseyParty[36358:a0b] current Class is : ui-mobile-viewport ui-overlay-c png6
2014-03-24 17:34:04.690 JerseyParty[36358:a0b] nextClass: png7
2014-03-24 17:34:04.690 JerseyParty[36358:a0b] current Class is : ui-mobile-viewport ui-overlay-c png7
2014-03-24 17:34:04.891 JerseyParty[36358:a0b] nextClass: png8
2014-03-24 17:34:04.892 JerseyParty[36358:a0b] current Class is : ui-mobile-viewport ui-overlay-c png8
2014-03-24 17:34:05.092 JerseyParty[36358:a0b] nextClass: png9
2014-03-24 17:34:05.092 JerseyParty[36358:a0b] current Class is : ui-mobile-viewport ui-overlay-c png9
2014-03-24 17:34:05.292 JerseyParty[36358:a0b] nextClass: png10
2014-03-24 17:34:05.293 JerseyParty[36358:a0b] current Class is : ui-mobile-viewport ui-overlay-c png10
2014-03-24 17:34:05.493 JerseyParty[36358:a0b] nextClass: png11
2014-03-24 17:34:05.493 JerseyParty[36358:a0b] current Class is : ui-mobile-viewport ui-overlay-c png11
2014-03-24 17:34:05.694 JerseyParty[36358:a0b] nextClass: png12
2014-03-24 17:34:05.695 JerseyParty[36358:a0b] current Class is : ui-mobile-viewport ui-overlay-c png12
2014-03-24 17:34:05.896 JerseyParty[36358:a0b] nextClass: png1
2014-03-24 17:34:05.898 JerseyParty[36358:a0b] current Class is : ui-mobile-viewport ui-overlay-c png1
2014-03-24 17:34:06.096 JerseyParty[36358:a0b] nextClass: png2
2014-03-24 17:34:06.097 JerseyParty[36358:a0b] current Class is : ui-mobile-viewport ui-overlay-c png2
2014-03-24 17:34:06.299 JerseyParty[36358:a0b] nextClass: png3
2014-03-24 17:34:06.300 JerseyParty[36358:a0b] current Class is : ui-mobile-viewport ui-overlay-c png3
2014-03-24 17:34:06.500 JerseyParty[36358:a0b] nextClass: png4
2014-03-24 17:34:06.501 JerseyParty[36358:a0b] current Class is : ui-mobile-viewport ui-overlay-c png4
2014-03-24 17:34:06.701 JerseyParty[36358:a0b] nextClass: png5
2014-03-24 17:34:06.701 JerseyParty[36358:a0b] current Class is : ui-mobile-viewport ui-overlay-c png5
2014-03-24 17:34:06.902 JerseyParty[36358:a0b] nextClass: png6
2014-03-24 17:34:06.903 JerseyParty[36358:a0b] current Class is : ui-mobile-viewport ui-overlay-c png6
2014-03-24 17:34:07.103 JerseyParty[36358:a0b] nextClass: png7
2014-03-24 17:34:07.103 JerseyParty[36358:a0b] current Class is : ui-mobile-viewport ui-overlay-c png7
2014-03-24 17:34:07.303 JerseyParty[36358:a0b] nextClass: png8
2014-03-24 17:34:07.304 JerseyParty[36358:a0b] current Class is : ui-mobile-viewport ui-overlay-c png8
2014-03-24 17:34:07.504 JerseyParty[36358:a0b] nextClass: png9
2014-03-24 17:34:07.505 JerseyParty[36358:a0b] current Class is : ui-mobile-viewport ui-overlay-c png9
2014-03-24 17:34:07.705 JerseyParty[36358:a0b] nextClass: png10
2014-03-24 17:34:07.705 JerseyParty[36358:a0b] current Class is : ui-mobile-viewport ui-overlay-c png10
2014-03-24 17:34:07.905 JerseyParty[36358:a0b] nextClass: png11
2014-03-24 17:34:07.906 JerseyParty[36358:a0b] current Class is : ui-mobile-viewport ui-overlay-c png11
2014-03-24 17:34:08.106 JerseyParty[36358:a0b] nextClass: png12
2014-03-24 17:34:08.107 JerseyParty[36358:a0b] current Class is : ui-mobile-viewport ui-overlay-c png12
2014-03-24 17:34:08.308 JerseyParty[36358:a0b] nextClass: png1
2014-03-24 17:34:08.308 JerseyParty[36358:a0b] current Class is : ui-mobile-viewport ui-overlay-c png1
2014-03-24 17:34:08.510 JerseyParty[36358:a0b] nextClass: png2
2014-03-24 17:34:08.510 JerseyParty[36358:a0b] current Class is : ui-mobile-viewport ui-overlay-c png2
2014-03-24 17:34:08.711 JerseyParty[36358:a0b] nextClass: png3
2014-03-24 17:34:08.712 JerseyParty[36358:a0b] current Class is : ui-mobile-viewport ui-overlay-c png3
2014-03-24 17:34:08.913 JerseyParty[36358:a0b] nextClass: png4
2014-03-24 17:34:08.914 JerseyParty[36358:a0b] current Class is : ui-mobile-viewport ui-overlay-c png4
2014-03-24 17:34:09.113 JerseyParty[36358:a0b] nextClass: png5
2014-03-24 17:34:09.114 JerseyParty[36358:a0b] current Class is : ui-mobile-viewport ui-overlay-c png5
2014-03-24 17:34:09.316 JerseyParty[36358:a0b] nextClass: png6
2014-03-24 17:34:09.317 JerseyParty[36358:a0b] current Class is : ui-mobile-viewport ui-overlay-c png6
2014-03-24 17:34:09.517 JerseyParty[36358:a0b] nextClass: png7
2014-03-24 17:34:09.517 JerseyParty[36358:a0b] current Class is : ui-mobile-viewport ui-overlay-c png7
2014-03-24 17:34:09.717 JerseyParty[36358:a0b] nextClass: png8
2014-03-24 17:34:09.718 JerseyParty[36358:a0b] current Class is : ui-mobile-viewport ui-overlay-c png8
2014-03-24 17:34:09.918 JerseyParty[36358:a0b] nextClass: png9
2014-03-24 17:34:09.919 JerseyParty[36358:a0b] current Class is : ui-mobile-viewport ui-overlay-c png9
2014-03-24 17:34:10.119 JerseyParty[36358:a0b] nextClass: png10
2014-03-24 17:34:10.119 JerseyParty[36358:a0b] current Class is : ui-mobile-viewport ui-overlay-c png10
2014-03-24 17:34:10.320 JerseyParty[36358:a0b] nextClass: png11
2014-03-24 17:34:10.320 JerseyParty[36358:a0b] current Class is : ui-mobile-viewport ui-overlay-c png11
2014-03-24 17:34:10.520 JerseyParty[36358:a0b] nextClass: png12
2014-03-24 17:34:10.520 JerseyParty[36358:a0b] current Class is : ui-mobile-viewport ui-overlay-c png12
2014-03-24 17:34:10.721 JerseyParty[36358:a0b] nextClass: png1
2014-03-24 17:34:10.721 JerseyParty[36358:a0b] current Class is : ui-mobile-viewport ui-overlay-c png1
2014-03-24 17:34:10.922 JerseyParty[36358:a0b] nextClass: png2
2014-03-24 17:34:10.923 JerseyParty[36358:a0b] current Class is : ui-mobile-viewport ui-overlay-c png2
2014-03-24 17:34:11.122 JerseyParty[36358:a0b] nextClass: png3
2014-03-24 17:34:11.123 JerseyParty[36358:a0b] current Class is : ui-mobile-viewport ui-overlay-c png3
2014-03-24 17:34:11.323 JerseyParty[36358:a0b] nextClass: png4
2014-03-24 17:34:11.324 JerseyParty[36358:a0b] current Class is : ui-mobile-viewport ui-overlay-c png4
2014-03-24 17:34:11.523 JerseyParty[36358:a0b] nextClass: png5
2014-03-24 17:34:11.524 JerseyParty[36358:a0b] current Class is : ui-mobile-viewport ui-overlay-c png5
2014-03-24 17:34:11.724 JerseyParty[36358:a0b] nextClass: png6
2014-03-24 17:34:11.725 JerseyParty[36358:a0b] current Class is : ui-mobile-viewport ui-overlay-c png6
2014-03-24 17:34:11.925 JerseyParty[36358:a0b] nextClass: png7
2014-03-24 17:34:11.926 JerseyParty[36358:a0b] current Class is : ui-mobile-viewport ui-overlay-c png7
2014-03-24 17:34:12.127 JerseyParty[36358:a0b] nextClass: png8
2014-03-24 17:34:12.127 JerseyParty[36358:a0b] current Class is : ui-mobile-viewport ui-overlay-c png8
2014-03-24 17:34:12.327 JerseyParty[36358:a0b] nextClass: png9
2014-03-24 17:34:12.328 JerseyParty[36358:a0b] current Class is : ui-mobile-viewport ui-overlay-c png9
2014-03-24 17:34:12.528 JerseyParty[36358:a0b] nextClass: png10
2014-03-24 17:34:12.529 JerseyParty[36358:a0b] current Class is : ui-mobile-viewport ui-overlay-c png10
2014-03-24 17:34:12.729 JerseyParty[36358:a0b] nextClass: png11
2014-03-24 17:34:12.730 JerseyParty[36358:a0b] current Class is : ui-mobile-viewport ui-overlay-c png11
2014-03-24 17:34:12.930 JerseyParty[36358:a0b] nextClass: png12
2014-03-24 17:34:12.930 JerseyParty[36358:a0b] current Class is : ui-mobile-viewport ui-overlay-c png12
2014-03-24 17:34:13.133 JerseyParty[36358:a0b] nextClass: png1
2014-03-24 17:34:13.134 JerseyParty[36358:a0b] current Class is : ui-mobile-viewport ui-overlay-c png1
2014-03-24 17:34:13.339 JerseyParty[36358:a0b] nextClass: png2
2014-03-24 17:34:13.339 JerseyParty[36358:a0b] current Class is : ui-mobile-viewport ui-overlay-c png2
2014-03-24 17:34:13.540 JerseyParty[36358:a0b] nextClass: png3
2014-03-24 17:34:13.541 JerseyParty[36358:a0b] current Class is : ui-mobile-viewport ui-overlay-c png3
2014-03-24 17:34:13.742 JerseyParty[36358:a0b] nextClass: png4
2014-03-24 17:34:13.744 JerseyParty[36358:a0b] current Class is : ui-mobile-viewport ui-overlay-c png4
2014-03-24 17:34:13.946 JerseyParty[36358:a0b] nextClass: png5
2014-03-24 17:34:13.946 JerseyParty[36358:a0b] current Class is : ui-mobile-viewport ui-overlay-c png5
2014-03-24 17:34:14.149 JerseyParty[36358:a0b] nextClass: png6
2014-03-24 17:34:14.150 JerseyParty[36358:a0b] current Class is : ui-mobile-viewport ui-overlay-c png6
2014-03-24 17:34:14.351 JerseyParty[36358:a0b] nextClass: png7
2014-03-24 17:34:14.351 JerseyParty[36358:a0b] current Class is : ui-mobile-viewport ui-overlay-c png7
2014-03-24 17:34:14.555 JerseyParty[36358:a0b] nextClass: png8
2014-03-24 17:34:14.556 JerseyParty[36358:a0b] current Class is : ui-mobile-viewport ui-overlay-c png8
2014-03-24 17:34:14.758 JerseyParty[36358:a0b] nextClass: png9
2014-03-24 17:34:14.758 JerseyParty[36358:a0b] current Class is : ui-mobile-viewport ui-overlay-c png9
2014-03-24 17:34:14.959 JerseyParty[36358:a0b] nextClass: png10
2014-03-24 17:34:14.960 JerseyParty[36358:a0b] current Class is : ui-mobile-viewport ui-overlay-c png10
2014-03-24 17:34:15.163 JerseyParty[36358:a0b] nextClass: png11
2014-03-24 17:34:15.164 JerseyParty[36358:a0b] current Class is : ui-mobile-viewport ui-overlay-c png11
2014-03-24 17:34:15.367 JerseyParty[36358:a0b] nextClass: png12
2014-03-24 17:34:15.368 JerseyParty[36358:a0b] current Class is : ui-mobile-viewport ui-overlay-c png12
2014-03-24 17:34:15.568 JerseyParty[36358:a0b] nextClass: png1
2014-03-24 17:34:15.568 JerseyParty[36358:a0b] current Class is : ui-mobile-viewport ui-overlay-c png1
2014-03-24 17:34:15.770 JerseyParty[36358:a0b] nextClass: png2
2014-03-24 17:34:15.770 JerseyParty[36358:a0b] current Class is : ui-mobile-viewport ui-overlay-c png2
2014-03-24 17:34:15.972 JerseyParty[36358:a0b] nextClass: png3
2014-03-24 17:34:15.972 JerseyParty[36358:a0b] current Class is : ui-mobile-viewport ui-overlay-c png3
2014-03-24 17:34:16.175 JerseyParty[36358:a0b] nextClass: png4
2014-03-24 17:34:16.176 JerseyParty[36358:a0b] current Class is : ui-mobile-viewport ui-overlay-c png4
2014-03-24 17:34:16.378 JerseyParty[36358:a0b] nextClass: png5
2014-03-24 17:34:16.379 JerseyParty[36358:a0b] current Class is : ui-mobile-viewport ui-overlay-c png5
2014-03-24 17:34:16.580 JerseyParty[36358:a0b] nextClass: png6
2014-03-24 17:34:16.581 JerseyParty[36358:a0b] current Class is : ui-mobile-viewport ui-overlay-c png6
2014-03-24 17:34:16.782 JerseyParty[36358:a0b] nextClass: png7
2014-03-24 17:34:16.783 JerseyParty[36358:a0b] current Class is : ui-mobile-viewport ui-overlay-c png7
2014-03-24 17:34:16.985 JerseyParty[36358:a0b] nextClass: png8
2014-03-24 17:34:16.985 JerseyParty[36358:a0b] current Class is : ui-mobile-viewport ui-overlay-c png8
2014-03-24 17:34:17.186 JerseyParty[36358:a0b] nextClass: png9
2014-03-24 17:34:17.187 JerseyParty[36358:a0b] current Class is : ui-mobile-viewport ui-overlay-c png9
2014-03-24 17:34:17.390 JerseyParty[36358:a0b] nextClass: png10
2014-03-24 17:34:17.392 JerseyParty[36358:a0b] current Class is : ui-mobile-viewport ui-overlay-c png10
2014-03-24 17:34:17.592 JerseyParty[36358:a0b] nextClass: png11
2014-03-24 17:34:17.593 JerseyParty[36358:a0b] current Class is : ui-mobile-viewport ui-overlay-c png11
2014-03-24 17:34:17.793 JerseyParty[36358:a0b] nextClass: png12
2014-03-24 17:34:17.793 JerseyParty[36358:a0b] current Class is : ui-mobile-viewport ui-overlay-c png12
2014-03-24 17:34:17.994 JerseyParty[36358:a0b] nextClass: png1
2014-03-24 17:34:17.995 JerseyParty[36358:a0b] current Class is : ui-mobile-viewport ui-overlay-c png1
2014-03-24 17:34:18.197 JerseyParty[36358:a0b] nextClass: png2
2014-03-24 17:34:18.197 JerseyParty[36358:a0b] current Class is : ui-mobile-viewport ui-overlay-c png2
2014-03-24 17:34:18.403 JerseyParty[36358:a0b] nextClass: png3
2014-03-24 17:34:18.403 JerseyParty[36358:a0b] current Class is : ui-mobile-viewport ui-overlay-c png3
2014-03-24 17:34:18.604 JerseyParty[36358:a0b] nextClass: png4
2014-03-24 17:34:18.605 JerseyParty[36358:a0b] current Class is : ui-mobile-viewport ui-overlay-c png4
2014-03-24 17:34:18.806 JerseyParty[36358:a0b] nextClass: png5
2014-03-24 17:34:18.807 JerseyParty[36358:a0b] current Class is : ui-mobile-viewport ui-overlay-c png5
2014-03-24 17:34:19.008 JerseyParty[36358:a0b] nextClass: png6
2014-03-24 17:34:19.008 JerseyParty[36358:a0b] current Class is : ui-mobile-viewport ui-overlay-c png6
2014-03-24 17:34:19.210 JerseyParty[36358:a0b] nextClass: png7
2014-03-24 17:34:19.211 JerseyParty[36358:a0b] current Class is : ui-mobile-viewport ui-overlay-c png7
2014-03-24 17:34:19.411 JerseyParty[36358:a0b] nextClass: png8
2014-03-24 17:34:19.412 JerseyParty[36358:a0b] current Class is : ui-mobile-viewport ui-overlay-c png8
2014-03-24 17:34:19.612 JerseyParty[36358:a0b] nextClass: png9
2014-03-24 17:34:19.613 JerseyParty[36358:a0b] current Class is : ui-mobile-viewport ui-overlay-c png9
2014-03-24 17:34:19.813 JerseyParty[36358:a0b] nextClass: png10
2014-03-24 17:34:19.814 JerseyParty[36358:a0b] current Class is : ui-mobile-viewport ui-overlay-c png10
2014-03-24 17:34:20.015 JerseyParty[36358:a0b] nextClass: png11
2014-03-24 17:34:20.016 JerseyParty[36358:a0b] current Class is : ui-mobile-viewport ui-overlay-c png11
2014-03-24 17:34:20.215 JerseyParty[36358:a0b] nextClass: png12
2014-03-24 17:34:20.216 JerseyParty[36358:a0b] current Class is : ui-mobile-viewport ui-overlay-c png12
2014-03-24 17:34:20.416 JerseyParty[36358:a0b] nextClass: png1
2014-03-24 17:34:20.417 JerseyParty[36358:a0b] current Class is : ui-mobile-viewport ui-overlay-c png1
2014-03-24 17:34:20.617 JerseyParty[36358:a0b] nextClass: png2
2014-03-24 17:34:20.618 JerseyParty[36358:a0b] current Class is : ui-mobile-viewport ui-overlay-c png2
2014-03-24 17:34:20.819 JerseyParty[36358:a0b] nextClass: png3
2014-03-24 17:34:20.819 JerseyParty[36358:a0b] current Class is : ui-mobile-viewport ui-overlay-c png3
2014-03-24 17:34:21.020 JerseyParty[36358:a0b] nextClass: png4
2014-03-24 17:34:21.021 JerseyParty[36358:a0b] current Class is : ui-mobile-viewport ui-overlay-c png4
2014-03-24 17:34:21.221 JerseyParty[36358:a0b] nextClass: png5
2014-03-24 17:34:21.221 JerseyParty[36358:a0b] current Class is : ui-mobile-viewport ui-overlay-c png5
2014-03-24 17:34:21.422 JerseyParty[36358:a0b] nextClass: png6
2014-03-24 17:34:21.422 JerseyParty[36358:a0b] current Class is : ui-mobile-viewport ui-overlay-c png6
2014-03-24 17:34:21.623 JerseyParty[36358:a0b] nextClass: png7
2014-03-24 17:34:21.623 JerseyParty[36358:a0b] current Class is : ui-mobile-viewport ui-overlay-c png7
2014-03-24 17:34:21.824 JerseyParty[36358:a0b] nextClass: png8
2014-03-24 17:34:21.825 JerseyParty[36358:a0b] current Class is : ui-mobile-viewport ui-overlay-c png8
2014-03-24 17:34:22.025 JerseyParty[36358:a0b] nextClass: png9
2014-03-24 17:34:22.026 JerseyParty[36358:a0b] current Class is : ui-mobile-viewport ui-overlay-c png9
2014-03-24 17:34:22.226 JerseyParty[36358:a0b] nextClass: png10
2014-03-24 17:34:22.227 JerseyParty[36358:a0b] current Class is : ui-mobile-viewport ui-overlay-c png10
2014-03-24 17:34:22.427 JerseyParty[36358:a0b] nextClass: png11
2014-03-24 17:34:22.428 JerseyParty[36358:a0b] current Class is : ui-mobile-viewport ui-overlay-c png11
2014-03-24 17:34:22.628 JerseyParty[36358:a0b] nextClass: png12
2014-03-24 17:34:22.629 JerseyParty[36358:a0b] current Class is : ui-mobile-viewport ui-overlay-c png12
2014-03-24 17:34:22.829 JerseyParty[36358:a0b] nextClass: png1
2014-03-24 17:34:22.830 JerseyParty[36358:a0b] current Class is : ui-mobile-viewport ui-overlay-c png1
2014-03-24 17:34:23.030 JerseyParty[36358:a0b] nextClass: png2
2014-03-24 17:34:23.030 JerseyParty[36358:a0b] current Class is : ui-mobile-viewport ui-overlay-c png2
2014-03-24 17:34:23.230 JerseyParty[36358:a0b] nextClass: png3
2014-03-24 17:34:23.232 JerseyParty[36358:a0b] current Class is : ui-mobile-viewport ui-overlay-c png3
2014-03-24 17:34:23.431 JerseyParty[36358:a0b] nextClass: png4
2014-03-24 17:34:23.432 JerseyParty[36358:a0b] current Class is : ui-mobile-viewport ui-overlay-c png4
2014-03-24 17:34:23.634 JerseyParty[36358:a0b] nextClass: png5
2014-03-24 17:34:23.635 JerseyParty[36358:a0b] current Class is : ui-mobile-viewport ui-overlay-c png5
2014-03-24 17:34:23.835 JerseyParty[36358:a0b] nextClass: png6
2014-03-24 17:34:23.836 JerseyParty[36358:a0b] current Class is : ui-mobile-viewport ui-overlay-c png6
2014-03-24 17:34:24.035 JerseyParty[36358:a0b] nextClass: png7
2014-03-24 17:34:24.036 JerseyParty[36358:a0b] current Class is : ui-mobile-viewport ui-overlay-c png7
2014-03-24 17:34:24.236 JerseyParty[36358:a0b] nextClass: png8
2014-03-24 17:34:24.237 JerseyParty[36358:a0b] current Class is : ui-mobile-viewport ui-overlay-c png8
2014-03-24 17:34:24.437 JerseyParty[36358:a0b] nextClass: png9
2014-03-24 17:34:24.438 JerseyParty[36358:a0b] current Class is : ui-mobile-viewport ui-overlay-c png9
2014-03-24 17:34:24.639 JerseyParty[36358:a0b] nextClass: png10
2014-03-24 17:34:24.640 JerseyParty[36358:a0b] current Class is : ui-mobile-viewport ui-overlay-c png10
2014-03-24 17:34:24.840 JerseyParty[36358:a0b] nextClass: png11
2014-03-24 17:34:24.841 JerseyParty[36358:a0b] current Class is : ui-mobile-viewport ui-overlay-c png11
2014-03-24 17:34:25.042 JerseyParty[36358:a0b] nextClass: png12
2014-03-24 17:34:25.043 JerseyParty[36358:a0b] current Class is : ui-mobile-viewport ui-overlay-c png12
2014-03-24 17:34:25.243 JerseyParty[36358:a0b] nextClass: png1
2014-03-24 17:34:25.244 JerseyParty[36358:a0b] current Class is : ui-mobile-viewport ui-overlay-c png1
2014-03-24 17:34:25.446 JerseyParty[36358:a0b] nextClass: png2
2014-03-24 17:34:25.447 JerseyParty[36358:a0b] current Class is : ui-mobile-viewport ui-overlay-c png2
2014-03-24 17:34:25.649 JerseyParty[36358:a0b] nextClass: png3
2014-03-24 17:34:25.650 JerseyParty[36358:a0b] current Class is : ui-mobile-viewport ui-overlay-c png3
2014-03-24 17:34:25.850 JerseyParty[36358:a0b] nextClass: png4
2014-03-24 17:34:25.850 JerseyParty[36358:a0b] current Class is : ui-mobile-viewport ui-overlay-c png4
2014-03-24 17:34:26.051 JerseyParty[36358:a0b] nextClass: png5
2014-03-24 17:34:26.051 JerseyParty[36358:a0b] current Class is : ui-mobile-viewport ui-overlay-c png5
2014-03-24 17:34:26.253 JerseyParty[36358:a0b] nextClass: png6
2014-03-24 17:34:26.253 JerseyParty[36358:a0b] current Class is : ui-mobile-viewport ui-overlay-c png6
2014-03-24 17:34:26.453 JerseyParty[36358:a0b] nextClass: png7
2014-03-24 17:34:26.454 JerseyParty[36358:a0b] current Class is : ui-mobile-viewport ui-overlay-c png7
2014-03-24 17:34:26.656 JerseyParty[36358:a0b] nextClass: png8
2014-03-24 17:34:26.656 JerseyParty[36358:a0b] current Class is : ui-mobile-viewport ui-overlay-c png8
2014-03-24 17:34:26.856 JerseyParty[36358:a0b] nextClass: png9
2014-03-24 17:34:26.857 JerseyParty[36358:a0b] current Class is : ui-mobile-viewport ui-overlay-c png9
2014-03-24 17:34:27.057 JerseyParty[36358:a0b] nextClass: png10
2014-03-24 17:34:27.058 JerseyParty[36358:a0b] current Class is : ui-mobile-viewport ui-overlay-c png10
2014-03-24 17:34:27.258 JerseyParty[36358:a0b] nextClass: png11
2014-03-24 17:34:27.259 JerseyParty[36358:a0b] current Class is : ui-mobile-viewport ui-overlay-c png11
2014-03-24 17:34:27.461 JerseyParty[36358:a0b] nextClass: png12
2014-03-24 17:34:27.462 JerseyParty[36358:a0b] current Class is : ui-mobile-viewport ui-overlay-c png12
2014-03-24 17:34:27.662 JerseyParty[36358:a0b] nextClass: png1
2014-03-24 17:34:27.663 JerseyParty[36358:a0b] current Class is : ui-mobile-viewport ui-overlay-c png1
Terminating in response to SpringBoard's termination.
